<?xml version="1.0" encoding="UTF-8"?>
<!-- Generated by org.testng.reporters.JUnitXMLReporter -->
<testsuite ignored="0" hostname="Akhi" failures="0" tests="5" name="Test" time="39.422" errors="0" timestamp="2025-06-05T15:46:20 MDT">
  <testcase classname="com.bankwebsite.testcases.LoginPageValidationsWithDBData" name="testLoginWithMultipleCredentials" time="8.822"/>
  <testcase classname="com.bankwebsite.testcases.LoginPageValidationsWithDBData" name="testLoginWithMultipleCredentials" time="6.102"/>
  <testcase classname="com.bankwebsite.testcases.LoginPageValidationsWithDBData" name="testLoginWithMultipleCredentials" time="6.647"/>
  <testcase classname="com.bankwebsite.testcases.LoginPageValidationsWithDBData" name="testLoginWithMultipleCredentials" time="7.059"/>
  <testcase classname="com.bankwebsite.testcases.LoginPageValidationsWithDBData" name="testLoginWithMultipleCredentials" time="6.128"/>
</testsuite> <!-- Test -->
